# JRE version: OpenJDK Runtime Environment Temurin-17+35 (17.0+35) (build 17+35)
# Java VM: OpenJDK 64-Bit Server VM Temurin-17+35 (17+35, mixed mode, tiered, compressed oops, compressed class ptrs, g1 gc, windows-amd64)
GC Precious Log:
 CPUs: 8 total, 8 available
 Memory: 8060M
 Large Page Support: Disabled
 NUMA Support: Disabled
 Compressed Oops: Enabled (32-bit)
 Heap Region Size: 1M
 Heap Min Capacity: 8M
 Heap Initial Capacity: 126M
 Heap Max Capacity: 2016M
 Pre-touch: Disabled
 Parallel Workers: 8
 Concurrent Workers: 2
 Concurrent Refinement Workers: 8
 Periodic GC: Disabled
Heap:
 garbage-first heap   total 382976K, used 197976K [0x0000000082000000, 0x0000000100000000)
  region size 1024K, 2 young (2048K), 2 survivors (2048K)
 Metaspace       used 7239K, committed 7424K, reserved 1056768K
  class space    used 604K, committed 704K, reserved 1048576K
GC Heap History (20 events):
Event: 55.437 GC heap after
{Heap after GC invocations=3 (full 0):
 garbage-first heap   total 129024K, used 56832K [0x0000000082000000, 0x0000000100000000)
  region size 1024K, 4 young (4096K), 4 survivors (4096K)
 Metaspace       used 7224K, committed 7360K, reserved 1056768K
  class space    used 602K, committed 704K, reserved 1048576K
}
Event: 55.462 GC heap before
{Heap before GC invocations=3 (full 0):
 garbage-first heap   total 129024K, used 79360K [0x0000000082000000, 0x0000000100000000)
  region size 1024K, 22 young (22528K), 4 survivors (4096K)
 Metaspace       used 7224K, committed 7360K, reserved 1056768K
  class space    used 602K, committed 704K, reserved 1048576K
}
Event: 55.475 GC heap after
{Heap after GC invocations=4 (full 0):
 garbage-first heap   total 129024K, used 80384K [0x0000000082000000, 0x0000000100000000)
  region size 1024K, 3 young (3072K), 3 survivors (3072K)
 Metaspace       used 7224K, committed 7360K, reserved 1056768K
  class space    used 602K, committed 704K, reserved 1048576K
}
Event: 55.486 GC heap before
{Heap before GC invocations=4 (full 0):
 garbage-first heap   total 129024K, used 90624K [0x0000000082000000, 0x0000000100000000)
  region size 1024K, 13 young (13312K), 3 survivors (3072K)
 Metaspace       used 7224K, committed 7360K, reserved 1056768K
  class space    used 602K, committed 704K, reserved 1048576K
}
Event: 55.495 GC heap after
{Heap after GC invocations=5 (full 0):
 garbage-first heap   total 129024K, used 91136K [0x0000000082000000, 0x0000000100000000)
  region size 1024K, 2 young (2048K), 2 survivors (2048K)
 Metaspace       used 7224K, committed 7360K, reserved 1056768K
  class space    used 602K, committed 704K, reserved 1048576K
}
Event: 55.508 GC heap before
{Heap before GC invocations=5 (full 0):
 garbage-first heap   total 129024K, used 102400K [0x0000000082000000, 0x0000000100000000)
  region size 1024K, 8 young (8192K), 2 survivors (2048K)
 Metaspace       used 7224K, committed 7360K, reserved 1056768K
  class space    used 602K, committed 704K, reserved 1048576K
}
Event: 55.516 GC heap after
{Heap after GC invocations=6 (full 0):
 garbage-first heap   total 382976K, used 103424K [0x0000000082000000, 0x0000000100000000)
  region size 1024K, 1 young (1024K), 1 survivors (1024K)
 Metaspace       used 7224K, committed 7360K, reserved 1056768K
  class space    used 602K, committed 704K, reserved 1048576K
}
Event: 55.604 GC heap before
{Heap before GC invocations=7 (full 0):
 garbage-first heap   total 352256K, used 149504K [0x0000000082000000, 0x0000000100000000)
  region size 1024K, 46 young (47104K), 1 survivors (1024K)
 Metaspace       used 7227K, committed 7360K, reserved 1056768K
  class space    used 603K, committed 704K, reserved 1048576K
}
Event: 55.627 GC heap after
{Heap after GC invocations=8 (full 0):
 garbage-first heap   total 352256K, used 149719K [0x0000000082000000, 0x0000000100000000)
  region size 1024K, 6 young (6144K), 6 survivors (6144K)
 Metaspace       used 7227K, committed 7360K, reserved 1056768K
  class space    used 603K, committed 704K, reserved 1048576K
}
Event: 55.641 GC heap before
{Heap before GC invocations=8 (full 0):
 garbage-first heap   total 352256K, used 160983K [0x0000000082000000, 0x0000000100000000)
  region size 1024K, 17 young (17408K), 6 survivors (6144K)
 Metaspace       used 7227K, committed 7360K, reserved 1056768K
  class space    used 603K, committed 704K, reserved 1048576K
}
Event: 55.650 GC heap after
{Heap after GC invocations=9 (full 0):
 garbage-first heap   total 352256K, used 161792K [0x0000000082000000, 0x0000000100000000)
  region size 1024K, 3 young (3072K), 3 survivors (3072K)
 Metaspace       used 7227K, committed 7360K, reserved 1056768K
  class space    used 603K, committed 704K, reserved 1048576K
}
Event: 55.672 GC heap before
{Heap before GC invocations=9 (full 0):
 garbage-first heap   total 352256K, used 182272K [0x0000000082000000, 0x0000000100000000)
  region size 1024K, 24 young (24576K), 3 survivors (3072K)
 Metaspace       used 7227K, committed 7360K, reserved 1056768K
  class space    used 603K, committed 704K, reserved 1048576K
}
Event: 55.684 GC heap after
{Heap after GC invocations=10 (full 0):
 garbage-first heap   total 352256K, used 184320K [0x0000000082000000, 0x0000000100000000)
  region size 1024K, 7 young (7168K), 7 survivors (7168K)
 Metaspace       used 7227K, committed 7360K, reserved 1056768K
  class space    used 603K, committed 704K, reserved 1048576K
}
Event: 55.758 GC heap before
{Heap before GC invocations=10 (full 0):
 garbage-first heap   total 352256K, used 229376K [0x0000000082000000, 0x0000000100000000)
  region size 1024K, 46 young (47104K), 7 survivors (7168K)
 Metaspace       used 7239K, committed 7424K, reserved 1056768K
  class space    used 604K, committed 704K, reserved 1048576K
}
Event: 55.764 GC heap after
{Heap after GC invocations=11 (full 0):
 garbage-first heap   total 352256K, used 193881K [0x0000000082000000, 0x0000000100000000)
  region size 1024K, 3 young (3072K), 3 survivors (3072K)
 Metaspace       used 7239K, committed 7424K, reserved 1056768K
  class space    used 604K, committed 704K, reserved 1048576K
}
Event: 55.785 GC heap before
{Heap before GC invocations=11 (full 0):
 garbage-first heap   total 352256K, used 232793K [0x0000000082000000, 0x0000000100000000)
  region size 1024K, 41 young (41984K), 3 survivors (3072K)
 Metaspace       used 7239K, committed 7424K, reserved 1056768K
  class space    used 604K, committed 704K, reserved 1048576K
}
Event: 55.789 GC heap after
{Heap after GC invocations=12 (full 0):
 garbage-first heap   total 352256K, used 195734K [0x0000000082000000, 0x0000000100000000)
  region size 1024K, 5 young (5120K), 5 survivors (5120K)
 Metaspace       used 7239K, committed 7424K, reserved 1056768K
  class space    used 604K, committed 704K, reserved 1048576K
}
Event: 55.810 GC heap before
{Heap before GC invocations=13 (full 0):
 garbage-first heap   total 352256K, used 239766K [0x0000000082000000, 0x0000000100000000)
  region size 1024K, 48 young (49152K), 5 survivors (5120K)
 Metaspace       used 7239K, committed 7424K, reserved 1056768K
  class space    used 604K, committed 704K, reserved 1048576K
}
Event: 55.815 GC heap after
{Heap after GC invocations=14 (full 0):
 garbage-first heap   total 352256K, used 198406K [0x0000000082000000, 0x0000000100000000)
  region size 1024K, 5 young (5120K), 5 survivors (5120K)
 Metaspace       used 7239K, committed 7424K, reserved 1056768K
  class space    used 604K, committed 704K, reserved 1048576K
}
Event: 55.821 GC heap before
{Heap before GC invocations=14 (full 0):
 garbage-first heap   total 352256K, used 210694K [0x0000000082000000, 0x0000000100000000)
  region size 1024K, 17 young (17408K), 5 survivors (5120K)
 Metaspace       used 7239K, committed 7424K, reserved 1056768K
  class space    used 604K, committed 704K, reserved 1048576K
}

